<?xml version="1.0" encoding="UTF-8"?>
<!-- Generated by org.testng.reporters.JUnitXMLReporter -->
<testsuite ignored="0" hostname="DESKTOP-V147ES9" failures="0" tests="2" name="Default test" time="108.185" errors="0" timestamp="2021-06-23T15:40:06 EET">
  <testcase classname="com.tests.appium.TestAppiumNative" name="checkSuccessfulRegistration" time="26.084"/>
  <testcase classname="com.tests.appium.TestAppiumNative" name="checkSuccessfulLogin" time="21.084"/>
</testsuite> <!-- Default test -->
