<?xml version="1.0" encoding="UTF-8"?>
<testng-results ignored="0" total="2" passed="2" failed="0" skipped="0">
  <reporter-output>
  </reporter-output>
  <suite started-at="2021-06-23T15:38:18 EET" name="Default suite" finished-at="2021-06-23T15:40:06 EET" duration-ms="108185">
    <groups>
    </groups>
    <test started-at="2021-06-23T15:38:18 EET" name="Default test" finished-at="2021-06-23T15:40:06 EET" duration-ms="108185">
      <class name="com.tests.appium.TestAppiumNative">
        <test-method is-config="true" signature="beforeMethod()[pri:0, instance:com.tests.appium.TestAppiumNative@353d0772]" started-at="2021-06-23T15:38:18 EET" name="beforeMethod" finished-at="2021-06-23T15:38:49 EET" duration-ms="31164" status="PASS">
          <reporter-output>
          </reporter-output>
        </test-method> <!-- beforeMethod -->
        <test-method signature="checkSuccessfulRegistration()[pri:0, instance:com.tests.appium.TestAppiumNative@353d0772]" started-at="2021-06-23T15:38:49 EET" name="checkSuccessfulRegistration" finished-at="2021-06-23T15:39:15 EET" duration-ms="26084" status="PASS">
          <reporter-output>
          </reporter-output>
        </test-method> <!-- checkSuccessfulRegistration -->
        <test-method is-config="true" signature="afterMethod()[pri:0, instance:com.tests.appium.TestAppiumNative@353d0772]" started-at="2021-06-23T15:39:15 EET" name="afterMethod" finished-at="2021-06-23T15:39:16 EET" duration-ms="377" status="PASS">
          <reporter-output>
          </reporter-output>
        </test-method> <!-- afterMethod -->
        <test-method is-config="true" signature="beforeMethod()[pri:0, instance:com.tests.appium.TestAppiumNative@353d0772]" started-at="2021-06-23T15:39:16 EET" name="beforeMethod" finished-at="2021-06-23T15:39:45 EET" duration-ms="29078" status="PASS">
          <reporter-output>
          </reporter-output>
        </test-method> <!-- beforeMethod -->
        <test-method signature="checkSuccessfulLogin()[pri:0, instance:com.tests.appium.TestAppiumNative@353d0772]" started-at="2021-06-23T15:39:45 EET" name="checkSuccessfulLogin" finished-at="2021-06-23T15:40:06 EET" depends-on-methods="com.tests.appium.TestAppiumNative.checkSuccessfulRegistration" duration-ms="21084" status="PASS">
          <reporter-output>
          </reporter-output>
        </test-method> <!-- checkSuccessfulLogin -->
        <test-method is-config="true" signature="afterMethod()[pri:0, instance:com.tests.appium.TestAppiumNative@353d0772]" started-at="2021-06-23T15:40:06 EET" name="afterMethod" finished-at="2021-06-23T15:40:06 EET" duration-ms="330" status="PASS">
          <reporter-output>
          </reporter-output>
        </test-method> <!-- afterMethod -->
      </class> <!-- com.tests.appium.TestAppiumNative -->
    </test> <!-- Default test -->
  </suite> <!-- Default suite -->
</testng-results>
